15:42:28.805                     epl                               dbgcommand():                                   using log file 'C:\Users\alexi\AppData\Roaming\Elgato\StreamDeck\logs\StreamDeck0.log'
15:42:28.805                     StreamDeck                        main():                                         Compiled with Qt 5.15.2 ; SSL: OpenSSL 1.1.1g  21 Apr 2020
15:42:28.808                     StreamDeck                        main():                                         Runtime SSL Supported: 1
15:42:28.808                     StreamDeck                        main():                                         Runtime SSL version used: OpenSSL 1.1.1d  10 Sep 2019
15:42:29.101                     StreamDeck                        ESDCustomPluginCommunication::start():          Using port 28196 to communicate with plugins
15:42:29.109                     StreamDeck                        ESDPluginManager::LoadPluginsInFolder():        Loading custom plugins...
15:42:29.110                     StreamDeck                        ESDPluginManager::LoadPluginsInFolder():        Loading com.axytradingtools.sdPlugin...
15:42:29.110                     StreamDeck                        ESDPluginManager::LoadPluginsInFolder():        Loading com.axytradingtools2.sdPlugin...
15:42:29.111                     StreamDeck                        ESDPluginManager::LoadPluginsInFolder():        Loading com.barraider.apininja.sdPlugin...
15:42:29.112                     StreamDeck                        ESDPluginManager::LoadPluginsInFolder():        Loading com.barraider.speedtest.sdPlugin...
15:42:29.112                     StreamDeck                        ESDPluginManager::LoadPluginsInFolder():        Loading com.barraider.spotify.sdPlugin...
15:42:29.114                     StreamDeck                        ESDPluginManager::LoadPluginsInFolder():        Loading com.barraider.stockticker.sdPlugin...
15:42:29.115                     StreamDeck                        ESDPluginManager::LoadPluginsInFolder():        Loading com.barraider.wintools.sdPlugin...
15:42:29.118                     StreamDeck                        ESDPluginManager::LoadPluginsInFolder():        Loading com.elgato.keycreator.sdPlugin...
15:42:29.119                     StreamDeck                        ESDPluginManager::LoadPluginsInFolder():        Loading com.elgato.memorygame.sdPlugin...
15:42:29.120                     StreamDeck                        ESDPluginManager::LoadPluginsInFolder():        Loading com.elgato.reactiondeck.sdPlugin...
15:42:29.120                     StreamDeck                        ESDPluginManager::LoadPluginsInFolder():        Loading com.exension.stocks.sdPlugin...
15:42:29.121                     StreamDeck                        ESDPluginManager::LoadPluginsInFolder():        Loading gg.datagram.web-requests.sdPlugin...
15:42:29.436                     StreamDeck                        ESDVSDServer::init():                           ### [SERVER] init
15:42:29.437                     StreamDeck                        ESDCUEHub::init():                              ### [CUESDK] init
15:42:29.445                     StreamDeck                        AccountMgr::InitializeAccountMgr():             AccountMgr initialized
15:42:29.445                     StreamDeck                        AccountMgr::ReloadAllAccountsFromPreferences(): Reload all accounts
15:42:29.445                     StreamDeck                        AccountMgr::RecreateServiceInstancesForType():  Recreate service instances for Twitter
15:42:29.445                     StreamDeck                        AccountMgr::RecreateServiceInstancesForType():  Recreate service instances for YouTube
15:42:29.445                     StreamDeck                        AccountMgr::RecreateServiceInstancesForType():  Recreate service instances for Streamlabs
15:42:29.445                     StreamDeck                        AccountMgr::RecreateServiceInstancesForType():  Recreate service instances for Twitch
15:42:29.445                     StreamDeck                        EGCAPILiteDLL::LoadDLL():                       Could not load EGCAPILite.dll
15:42:29.446                     StreamDeck                        EGCAPILiteDLL::LoadDLL():                       Loading EGCAPILite.dll from: C:\Program Files\Elgato\GameCapture\EGCAPILite.dll, result: 0
15:42:29.446                     StreamDeck                        EGCAPILiteDLL::Initialize():                    mInitializeFunc is not set
15:42:29.446                     StreamDeck                        GameCaptureSync::GameCaptureSync():             Unable to initialize Game Capture integration.
15:42:29.446                     StreamDeck                        MainWindow::ReloadProfiles():                   Flattening profiles in C:\Users\alexi\AppData\Roaming\Elgato\StreamDeck\ProfilesV2
15:42:29.448                     StreamDeck                        MainWindow::ReloadProfiles():                   Loading profiles from C:\Users\alexi\AppData\Roaming\Elgato\StreamDeck\ProfilesV2
15:42:29.449                     StreamDeck                        ESDProfileManager::LoadProfileAtPath():         Loading profile at path C:\Users\alexi\AppData\Roaming\Elgato\StreamDeck\ProfilesV2\176F9ED3-E56F-4183-8F1E-2385EA69CC67.sdProfile
15:42:29.449                     StreamDeck                        ESDProfileManager::LoadProfileAtPath():         Loading profile at path C:\Users\alexi\AppData\Roaming\Elgato\StreamDeck\ProfilesV2\1EEBE702-E1AD-4D60-A0B0-618D78DE6E60.sdProfile
15:42:29.450                     StreamDeck                        ESDProfileManager::LoadProfileAtPath():         Loading profile at path C:\Users\alexi\AppData\Roaming\Elgato\StreamDeck\ProfilesV2\5B5F68A9-79A8-44DC-8CBE-359C64606381.sdProfile
15:42:29.450                     StreamDeck                        ESDProfileManager::LoadProfileAtPath():         Loading profile at path C:\Users\alexi\AppData\Roaming\Elgato\StreamDeck\ProfilesV2\C170D543-86F3-44B6-92CA-B99BF3186D86.sdProfile
15:42:29.450                     StreamDeck                        ESDProfileManager::LoadProfileAtPath():         Loading profile at path C:\Users\alexi\AppData\Roaming\Elgato\StreamDeck\ProfilesV2\E03E3D19-1330-4FC6-967C-F8DDE7EB3352.sdProfile
15:42:29.452                     StreamDeck                        ESDProfile::AddSubProfile():                    Sub profile with uuid ABF484EE-0FE5-4FA4-BB2E-A490E55C8540 added to profile 296C3531-BBCB-48A3-8DB0-9DB1C49D5076
15:42:29.453                     StreamDeck                        ESDProfile::AddSubProfile():                    Sub profile with uuid 2003F08F-1F0C-4EF8-A1BF-78CF6D05F081 added to profile 7478E3B9-09B0-4663-BDE4-687E14D9C36B
15:42:29.453                     StreamDeck                        ESDProfile::AddSubProfile():                    Sub profile with uuid C74BC9F3-93D9-448B-9A53-03934CD3ED5E added to profile 7478E3B9-09B0-4663-BDE4-687E14D9C36B
15:42:29.453                     StreamDeck                        ESDProfile::AddSubProfile():                    Sub profile with uuid 9006A453-863F-4FB9-BABD-5A6E01BA91D8 added to profile 7478E3B9-09B0-4663-BDE4-687E14D9C36B
15:42:29.453                     StreamDeck                        ESDProfile::AddSubProfile():                    Sub profile with uuid 7478E3B9-09B0-4663-BDE4-687E14D9C36B added to profile CBD4FE99-18E1-4578-AB27-E673A3396AE9
15:42:29.454                     StreamDeck                        ESDProfile::AddSubProfile():                    Sub profile with uuid 497F1AC2-91D4-46BD-956E-E8F925CC12D3 added to profile 09052463-EC68-4CE1-8F47-7DA8BF4049FE
15:42:29.454                     StreamDeck                        ESDProfile::AddSubProfile():                    Sub profile with uuid 2DA0BB55-44C3-4A23-B5F6-F18E69B2F7A8 added to profile 09052463-EC68-4CE1-8F47-7DA8BF4049FE
15:42:29.454                     StreamDeck                        ESDProfile::AddSubProfile():                    Sub profile with uuid 02F1454D-2B8E-4081-8B2E-DEEB821CFE8C added to profile 09052463-EC68-4CE1-8F47-7DA8BF4049FE
15:42:29.454                     StreamDeck                        ESDProfile::AddSubProfile():                    Sub profile with uuid 09052463-EC68-4CE1-8F47-7DA8BF4049FE added to profile D09BEDDD-FA2E-48F4-BE44-8AEA76E7A018
15:42:29.455                     StreamDeck                        ESDProfile::AddSubProfile():                    Sub profile with uuid 6156EB39-4DAE-4E17-AA30-17AC8B56E96F added to profile 1A9EA177-EFB4-48E4-BF6D-E9C60F6C4F3F
15:42:29.455                     StreamDeck                        ESDProfile::AddSubProfile():                    Sub profile with uuid C53D58C1-222C-46FC-AAFB-49A7AA276A09 added to profile 1A9EA177-EFB4-48E4-BF6D-E9C60F6C4F3F
15:42:29.455                     StreamDeck                        ESDProfile::AddSubProfile():                    Sub profile with uuid C7227659-7A73-4BFE-B878-19EE61E36DA9 added to profile 1A9EA177-EFB4-48E4-BF6D-E9C60F6C4F3F
15:42:29.455                     StreamDeck                        ESDProfile::AddSubProfile():                    Sub profile with uuid 1A9EA177-EFB4-48E4-BF6D-E9C60F6C4F3F added to profile CE9674B0-4258-4D89-B5CE-6EFAD626E4DA
15:42:29.456                     StreamDeck                        ESDProfile::AddSubProfile():                    Sub profile with uuid D4304FD0-56A6-4594-B118-7D186DEE1038 added to profile BFC8A414-8F0F-4E0A-A9B3-2E80C486350B
15:42:29.456                     StreamDeck                        ESDProfile::AddSubProfile():                    Sub profile with uuid 3D6993A1-4105-49ED-B2AE-132A82A3C517 added to profile BFC8A414-8F0F-4E0A-A9B3-2E80C486350B
15:42:29.456                     StreamDeck                        ESDProfile::AddSubProfile():                    Sub profile with uuid D4A42D1C-501E-4AD7-9B5E-B1098C729C89 added to profile BFC8A414-8F0F-4E0A-A9B3-2E80C486350B
15:42:29.457                     StreamDeck                        ESDProfile::AddSubProfile():                    Sub profile with uuid BFC8A414-8F0F-4E0A-A9B3-2E80C486350B added to profile 6DCFB894-9183-41C3-81BE-1E42C1540465
15:42:29.457                     StreamDeck                        ESDProfile::AddSubProfile():                    Sub profile with uuid B8DDAAFD-C010-4634-B9ED-07797CC6E21E added to profile 16BA942F-68CD-4C28-A2D9-136BC447AD14
15:42:29.457                     StreamDeck                        ESDProfile::AddSubProfile():                    Sub profile with uuid 66A538CD-6F60-4043-B264-AE4C505CD50B added to profile 16BA942F-68CD-4C28-A2D9-136BC447AD14
15:42:29.457                     StreamDeck                        ESDProfile::AddSubProfile():                    Sub profile with uuid 988CAF47-7350-4CA2-A4F0-B79E56AA27D7 added to profile 16BA942F-68CD-4C28-A2D9-136BC447AD14
15:42:29.457                     StreamDeck                        ESDProfile::AddSubProfile():                    Sub profile with uuid 16BA942F-68CD-4C28-A2D9-136BC447AD14 added to profile 5BC4742C-9259-43D0-9BA8-554F583A3834
15:42:29.458                     StreamDeck                        ESDProfile::AddSubProfile():                    Sub profile with uuid C8E207F3-03DF-47B7-83C4-D51B55324471 added to profile AE9200CB-80E2-4D00-8D1D-2D0576B47745
15:42:29.458                     StreamDeck                        ESDProfile::AddSubProfile():                    Sub profile with uuid 06806815-67D6-4969-AF58-F11FFD3A3C3B added to profile AE9200CB-80E2-4D00-8D1D-2D0576B47745
15:42:29.458                     StreamDeck                        ESDProfile::AddSubProfile():                    Sub profile with uuid 06A12F83-0AB1-4656-BD98-DFBFCDDABB53 added to profile AE9200CB-80E2-4D00-8D1D-2D0576B47745
15:42:29.458                     StreamDeck                        ESDProfile::AddSubProfile():                    Sub profile with uuid AE9200CB-80E2-4D00-8D1D-2D0576B47745 added to profile 1F1A6DCF-1224-49CE-A53F-2EFCF152A654
15:42:29.460                     StreamDeck                        ESDProfile::AddSubProfile():                    Sub profile with uuid 38D6AF81-BF98-463A-8678-D547D59F8EFA added to profile 7B451484-8B53-4F64-8AD9-E0FAA6803767
15:42:29.460                     StreamDeck                        ESDProfile::AddSubProfile():                    Sub profile with uuid 3991F639-E124-400B-82E5-CDBE0F46E20D added to profile 7B451484-8B53-4F64-8AD9-E0FAA6803767
15:42:29.460                     StreamDeck                        ESDProfile::AddSubProfile():                    Sub profile with uuid 8B36EFB0-B306-4C0A-93AD-EFF03FE963D4 added to profile 7B451484-8B53-4F64-8AD9-E0FAA6803767
15:42:29.461                     StreamDeck                        ESDProfile::AddSubProfile():                    Sub profile with uuid 342F4C0E-18CA-4DD1-BFF0-DC8EC612E291 added to profile 636F87E8-2C7B-4B89-A2D2-8EF77A9841EE
15:42:29.461                     StreamDeck                        ESDProfile::AddSubProfile():                    Sub profile with uuid E4FE11A3-DA3D-4ADB-A3E4-64C2B99F4026 added to profile 636F87E8-2C7B-4B89-A2D2-8EF77A9841EE
15:42:29.461                     StreamDeck                        ESDProfile::AddSubProfile():                    Sub profile with uuid 7B451484-8B53-4F64-8AD9-E0FAA6803767 added to profile 636F87E8-2C7B-4B89-A2D2-8EF77A9841EE
15:42:29.461                     StreamDeck                        ESDProfile::AddSubProfile():                    Sub profile with uuid 66FB527E-00ED-4BAC-8F24-68E006ADF3D7 added to profile 636F87E8-2C7B-4B89-A2D2-8EF77A9841EE
15:42:29.461                     StreamDeck                        ESDProfile::AddSubProfile():                    Sub profile with uuid 01B02F83-1210-46D5-8CB3-B6913C0CFABC added to profile 636F87E8-2C7B-4B89-A2D2-8EF77A9841EE
15:42:29.462                     StreamDeck                        ESDProfile::AddSubProfile():                    Sub profile with uuid 03E6FE8D-205F-4F37-93A8-9E44820E0A40 added to profile FF47EC14-47E5-439E-ACEB-B02A27435784
15:42:29.462                     StreamDeck                        ESDProfile::AddSubProfile():                    Sub profile with uuid B8FE9FB9-48EE-4AFC-A936-F711CBA34554 added to profile FF47EC14-47E5-439E-ACEB-B02A27435784
15:42:29.462                     StreamDeck                        ESDProfile::AddSubProfile():                    Sub profile with uuid 27DC43A1-423F-4A1C-8174-3B33543D6568 added to profile FF47EC14-47E5-439E-ACEB-B02A27435784
15:42:29.462                     StreamDeck                        ESDProfile::AddSubProfile():                    Sub profile with uuid FF47EC14-47E5-439E-ACEB-B02A27435784 added to profile 194A2A57-EE8C-46D9-9998-B4D23C3AF136
15:42:29.463                     StreamDeck                        ESDProfile::AddSubProfile():                    Sub profile with uuid BC6B8AA6-6D11-4889-9177-08314DAE7E57 added to profile 154638E5-4FB7-4D71-8A2C-EABE9D11B16D
15:42:29.463                     StreamDeck                        ESDProfile::AddSubProfile():                    Sub profile with uuid C1EB1BBD-2708-4C64-9838-09D229AE7D35 added to profile 154638E5-4FB7-4D71-8A2C-EABE9D11B16D
15:42:29.463                     StreamDeck                        ESDProfile::AddSubProfile():                    Sub profile with uuid 32DE5E82-8294-40C3-A8B2-E116EB09C714 added to profile 154638E5-4FB7-4D71-8A2C-EABE9D11B16D
15:42:29.463                     StreamDeck                        ESDProfile::AddSubProfile():                    Sub profile with uuid 154638E5-4FB7-4D71-8A2C-EABE9D11B16D added to profile B8828791-212F-45D2-97F8-E9E8FE65F4F2
15:42:29.465                     StreamDeck                        ESDProfile::AddSubProfile():                    Sub profile with uuid 0E0C7626-0417-4290-9FBD-33D0B898EF4A added to profile 8F7809F3-2972-42E5-8D07-ED3982FF89D4
15:42:29.465                     StreamDeck                        ESDProfile::AddSubProfile():                    Sub profile with uuid 79F78DBF-3D72-4687-96ED-CB590FFDC34E added to profile 8F7809F3-2972-42E5-8D07-ED3982FF89D4
15:42:29.465                     StreamDeck                        ESDProfile::AddSubProfile():                    Sub profile with uuid C5FED054-FA9E-4C56-B054-DC7336EBAFE4 added to profile 8F7809F3-2972-42E5-8D07-ED3982FF89D4
15:42:29.465                     StreamDeck                        ESDProfile::AddSubProfile():                    Sub profile with uuid 51FAB920-95F3-4509-BDA6-C442B988E62A added to profile 8F7809F3-2972-42E5-8D07-ED3982FF89D4
15:42:29.465                     StreamDeck                        ESDProfile::AddSubProfile():                    Sub profile with uuid 8D9EB444-8DC2-4D7C-B226-AF0EBB5807AC added to profile 8F7809F3-2972-42E5-8D07-ED3982FF89D4
15:42:29.465                     StreamDeck                        ESDProfile::AddSubProfile():                    Sub profile with uuid 7C143D83-271F-4DA0-B64E-30FE3ED447CD added to profile 57F9A3A9-CAC9-4062-B8EE-90B676C6FD56
15:42:29.465                     StreamDeck                        ESDProfile::AddSubProfile():                    Sub profile with uuid F823CEAE-4AE0-4CF1-BC73-CF10C8472A9A added to profile 57F9A3A9-CAC9-4062-B8EE-90B676C6FD56
15:42:29.465                     StreamDeck                        ESDProfile::AddSubProfile():                    Sub profile with uuid 8F7809F3-2972-42E5-8D07-ED3982FF89D4 added to profile 57F9A3A9-CAC9-4062-B8EE-90B676C6FD56
15:42:29.465                     StreamDeck                        ESDProfile::AddSubProfile():                    Sub profile with uuid D7F2B8BD-5224-46D5-A6C5-AA6E1298E8F5 added to profile 57F9A3A9-CAC9-4062-B8EE-90B676C6FD56
15:42:29.465                     StreamDeck                        ESDProfile::AddSubProfile():                    Sub profile with uuid 6EA718D0-D4C1-47A2-BCE7-CE566C77775E added to profile 57F9A3A9-CAC9-4062-B8EE-90B676C6FD56
15:42:29.466                     StreamDeck                        ESDProfile::AddSubProfile():                    Sub profile with uuid 1110325F-7F71-4078-8B14-EB04264F57DD added to profile B0679BB7-781B-4B4B-AE82-EE56508F9360
15:42:29.466                     StreamDeck                        ESDProfile::AddSubProfile():                    Sub profile with uuid 79E1ABFB-884F-4516-9E28-61155E9CC2F7 added to profile B0679BB7-781B-4B4B-AE82-EE56508F9360
15:42:29.466                     StreamDeck                        ESDProfile::AddSubProfile():                    Sub profile with uuid AF4AB094-3715-4730-91F3-22F6D5B951FE added to profile B0679BB7-781B-4B4B-AE82-EE56508F9360
15:42:29.466                     StreamDeck                        ESDProfile::AddSubProfile():                    Sub profile with uuid B0679BB7-781B-4B4B-AE82-EE56508F9360 added to profile F77A22F3-CA02-4D49-97D9-5A6BC9B6D150
15:42:29.467                     StreamDeck                        ESDProfile::AddSubProfile():                    Sub profile with uuid CB90D889-F69A-48B7-A4A1-5C59ABFC52D5 added to profile 8755A886-8158-4955-81C2-506C2905F565
15:42:29.467                     StreamDeck                        ESDProfile::AddSubProfile():                    Sub profile with uuid BAA09EC4-B3A0-4096-B273-2BB22CA6E80D added to profile 8755A886-8158-4955-81C2-506C2905F565
15:42:29.467                     StreamDeck                        ESDProfile::AddSubProfile():                    Sub profile with uuid 6A29071C-9B3B-4A11-9B58-47FEA228CD27 added to profile 8755A886-8158-4955-81C2-506C2905F565
15:42:29.467                     StreamDeck                        ESDProfile::AddSubProfile():                    Sub profile with uuid 8755A886-8158-4955-81C2-506C2905F565 added to profile 8E4ED247-1D1A-4137-AF0B-275A0F566098
15:42:29.468                     StreamDeck                        ESDProfile::AddSubProfile():                    Sub profile with uuid CBD4FE99-18E1-4578-AB27-E673A3396AE9 added to profile 684C7EC6-D92B-4DCC-A731-E800A24E8EC1
15:42:29.468                     StreamDeck                        ESDProfile::AddSubProfile():                    Sub profile with uuid D09BEDDD-FA2E-48F4-BE44-8AEA76E7A018 added to profile 684C7EC6-D92B-4DCC-A731-E800A24E8EC1
15:42:29.468                     StreamDeck                        ESDProfile::AddSubProfile():                    Sub profile with uuid CE9674B0-4258-4D89-B5CE-6EFAD626E4DA added to profile 684C7EC6-D92B-4DCC-A731-E800A24E8EC1
15:42:29.468                     StreamDeck                        ESDProfile::AddSubProfile():                    Sub profile with uuid 6DCFB894-9183-41C3-81BE-1E42C1540465 added to profile 684C7EC6-D92B-4DCC-A731-E800A24E8EC1
15:42:29.468                     StreamDeck                        ESDProfile::AddSubProfile():                    Sub profile with uuid 5BC4742C-9259-43D0-9BA8-554F583A3834 added to profile 684C7EC6-D92B-4DCC-A731-E800A24E8EC1
15:42:29.468                     StreamDeck                        ESDProfile::AddSubProfile():                    Sub profile with uuid 1F1A6DCF-1224-49CE-A53F-2EFCF152A654 added to profile 684C7EC6-D92B-4DCC-A731-E800A24E8EC1
15:42:29.468                     StreamDeck                        ESDProfile::AddSubProfile():                    Sub profile with uuid 636F87E8-2C7B-4B89-A2D2-8EF77A9841EE added to profile 684C7EC6-D92B-4DCC-A731-E800A24E8EC1
15:42:29.468                     StreamDeck                        ESDProfile::AddSubProfile():                    Sub profile with uuid 194A2A57-EE8C-46D9-9998-B4D23C3AF136 added to profile 684C7EC6-D92B-4DCC-A731-E800A24E8EC1
15:42:29.468                     StreamDeck                        ESDProfile::AddSubProfile():                    Sub profile with uuid B8828791-212F-45D2-97F8-E9E8FE65F4F2 added to profile 684C7EC6-D92B-4DCC-A731-E800A24E8EC1
15:42:29.468                     StreamDeck                        ESDProfile::AddSubProfile():                    Sub profile with uuid 57F9A3A9-CAC9-4062-B8EE-90B676C6FD56 added to profile 684C7EC6-D92B-4DCC-A731-E800A24E8EC1
15:42:29.468                     StreamDeck                        ESDProfile::AddSubProfile():                    Sub profile with uuid F77A22F3-CA02-4D49-97D9-5A6BC9B6D150 added to profile 684C7EC6-D92B-4DCC-A731-E800A24E8EC1
15:42:29.468                     StreamDeck                        ESDProfile::AddSubProfile():                    Sub profile with uuid 8E4ED247-1D1A-4137-AF0B-275A0F566098 added to profile 684C7EC6-D92B-4DCC-A731-E800A24E8EC1
15:42:29.468                     StreamDeck                        ESDProfile::AddSubProfile():                    Sub profile with uuid FCD344A8-E247-41FD-B115-64EEFBCEBB89 added to profile 684C7EC6-D92B-4DCC-A731-E800A24E8EC1
15:42:29.468                     StreamDeck                        ESDProfile::AddSubProfile():                    Sub profile with uuid 296C3531-BBCB-48A3-8DB0-9DB1C49D5076 added to profile C16460B9-2E96-49D3-9382-37F81AE0603F
15:42:29.468                     StreamDeck                        ESDProfile::AddSubProfile():                    Sub profile with uuid 684C7EC6-D92B-4DCC-A731-E800A24E8EC1 added to profile C16460B9-2E96-49D3-9382-37F81AE0603F
15:42:29.469                     StreamDeck                        ESDProfile::AddSubProfile():                    Sub profile with uuid A7AE2890-D14D-4D1C-97A4-93CADE5DF9D0 added to profile E03E3D19-1330-4FC6-967C-F8DDE7EB3352
15:42:29.469                     StreamDeck                        ESDProfile::AddSubProfile():                    Sub profile with uuid C16460B9-2E96-49D3-9382-37F81AE0603F added to profile E03E3D19-1330-4FC6-967C-F8DDE7EB3352
15:42:29.469                     StreamDeck                        ESDProfile::AddSubProfile():                    Sub profile with uuid A8B45AA4-49C3-45C4-BEF8-0D8D908399B5 added to profile E03E3D19-1330-4FC6-967C-F8DDE7EB3352
15:42:29.469                     StreamDeck                        ESDProfile::AddSubProfile():                    Sub profile with uuid 9563DB38-D3B6-4AC1-9AA6-59305FCB459C added to profile E03E3D19-1330-4FC6-967C-F8DDE7EB3352
15:42:29.469                     StreamDeck                        ESDProfileManager::LoadProfileAtPath():         Loading profile at path C:\Users\alexi\AppData\Roaming\Elgato\StreamDeck\ProfilesV2\E44F2133-0F73-4F44-B925-9410ED82335F.sdProfile
15:42:29.541                     StreamDeck                        MainWindow::bootstrap():                        Start Stream Deck App -> Version: 5.3.3.15214
15:42:29.592                     StreamDeck                        ESDCUEHub::resume():                            ### [CUESDK] resuming
15:42:29.594                     StreamDeck                        ESDCUEHub::Impl::doConnect():                   ### [CUESDK] resumed
15:42:29.646                     StreamDeck                        MainWindow::bootstrap():                        All object init done!
15:42:29.646                     StreamDeck                        MainWindow::bootstrap():                        Running in high dpi mode: 0
15:42:29.649                     StreamDeck                        ESDSharedFileServer::ESDSharedFileServer():     mapfile location C:\ProgramData\Elgato\StreamDeck\STREAMDECKINTERNALSHM
15:42:30.023                     StreamDeck                        MainWindow::event():                            Wake up keypad(s).
15:42:30.107                     StreamDeck                        ESDCustomPluginCommunication::onMessageReceived(): Plugin 63A8FC5FBE3B4785826B73724EED4502 is now connected
15:42:30.107                     StreamDeck                        ESDCustomPluginCommunication::onMessageReceived(): Plugin 86738AFD09E75B647816A270DF44A3D6 is now connected
15:42:30.142                     StreamDeck                        MainWindow::onKeyboardStatusChange():           Firmware version in device(@(1)[4057/109/AL51K2C54549]): 1.03.000
15:42:30.142                     StreamDeck                        MainWindow::onKeyboardStatusChange():           Device connected, serial number: AL51K2C54549 and id: @(1)[4057/109/AL51K2C54549]
15:42:30.160                     StreamDeck                        MainWindow::ReloadProfiles():                   Loading profiles from C:\Users\alexi\AppData\Roaming\Elgato\StreamDeck\ProfilesV2
15:42:30.161                     StreamDeck                        ESDProfileManager::LoadProfileAtPath():         Loading profile at path C:\Users\alexi\AppData\Roaming\Elgato\StreamDeck\ProfilesV2\176F9ED3-E56F-4183-8F1E-2385EA69CC67.sdProfile
15:42:30.161                     StreamDeck                        ESDProfileManager::LoadProfileAtPath():         Loading profile at path C:\Users\alexi\AppData\Roaming\Elgato\StreamDeck\ProfilesV2\1EEBE702-E1AD-4D60-A0B0-618D78DE6E60.sdProfile
15:42:30.162                     StreamDeck                        ESDProfileManager::LoadProfileAtPath():         Loading profile at path C:\Users\alexi\AppData\Roaming\Elgato\StreamDeck\ProfilesV2\5B5F68A9-79A8-44DC-8CBE-359C64606381.sdProfile
15:42:30.162                     StreamDeck                        ESDProfileManager::LoadProfileAtPath():         Loading profile at path C:\Users\alexi\AppData\Roaming\Elgato\StreamDeck\ProfilesV2\C170D543-86F3-44B6-92CA-B99BF3186D86.sdProfile
15:42:30.163                     StreamDeck                        ESDProfileManager::LoadProfileAtPath():         Loading profile at path C:\Users\alexi\AppData\Roaming\Elgato\StreamDeck\ProfilesV2\E03E3D19-1330-4FC6-967C-F8DDE7EB3352.sdProfile
15:42:30.165                     StreamDeck                        ESDProfile::AddSubProfile():                    Sub profile with uuid ABF484EE-0FE5-4FA4-BB2E-A490E55C8540 added to profile 296C3531-BBCB-48A3-8DB0-9DB1C49D5076
15:42:30.167                     StreamDeck                        ESDProfile::AddSubProfile():                    Sub profile with uuid 2003F08F-1F0C-4EF8-A1BF-78CF6D05F081 added to profile 7478E3B9-09B0-4663-BDE4-687E14D9C36B
15:42:30.167                     StreamDeck                        ESDProfile::AddSubProfile():                    Sub profile with uuid C74BC9F3-93D9-448B-9A53-03934CD3ED5E added to profile 7478E3B9-09B0-4663-BDE4-687E14D9C36B
15:42:30.167                     StreamDeck                        ESDProfile::AddSubProfile():                    Sub profile with uuid 9006A453-863F-4FB9-BABD-5A6E01BA91D8 added to profile 7478E3B9-09B0-4663-BDE4-687E14D9C36B
15:42:30.167                     StreamDeck                        ESDProfile::AddSubProfile():                    Sub profile with uuid 7478E3B9-09B0-4663-BDE4-687E14D9C36B added to profile CBD4FE99-18E1-4578-AB27-E673A3396AE9
15:42:30.168                     StreamDeck                        ESDProfile::AddSubProfile():                    Sub profile with uuid 497F1AC2-91D4-46BD-956E-E8F925CC12D3 added to profile 09052463-EC68-4CE1-8F47-7DA8BF4049FE
15:42:30.168                     StreamDeck                        ESDProfile::AddSubProfile():                    Sub profile with uuid 2DA0BB55-44C3-4A23-B5F6-F18E69B2F7A8 added to profile 09052463-EC68-4CE1-8F47-7DA8BF4049FE
15:42:30.168                     StreamDeck                        ESDProfile::AddSubProfile():                    Sub profile with uuid 02F1454D-2B8E-4081-8B2E-DEEB821CFE8C added to profile 09052463-EC68-4CE1-8F47-7DA8BF4049FE
15:42:30.168                     StreamDeck                        ESDProfile::AddSubProfile():                    Sub profile with uuid 09052463-EC68-4CE1-8F47-7DA8BF4049FE added to profile D09BEDDD-FA2E-48F4-BE44-8AEA76E7A018
15:42:30.169                     StreamDeck                        ESDProfile::AddSubProfile():                    Sub profile with uuid 6156EB39-4DAE-4E17-AA30-17AC8B56E96F added to profile 1A9EA177-EFB4-48E4-BF6D-E9C60F6C4F3F
15:42:30.169                     StreamDeck                        ESDProfile::AddSubProfile():                    Sub profile with uuid C53D58C1-222C-46FC-AAFB-49A7AA276A09 added to profile 1A9EA177-EFB4-48E4-BF6D-E9C60F6C4F3F
15:42:30.169                     StreamDeck                        ESDProfile::AddSubProfile():                    Sub profile with uuid C7227659-7A73-4BFE-B878-19EE61E36DA9 added to profile 1A9EA177-EFB4-48E4-BF6D-E9C60F6C4F3F
15:42:30.169                     StreamDeck                        ESDProfile::AddSubProfile():                    Sub profile with uuid 1A9EA177-EFB4-48E4-BF6D-E9C60F6C4F3F added to profile CE9674B0-4258-4D89-B5CE-6EFAD626E4DA
15:42:30.171                     StreamDeck                        ESDProfile::AddSubProfile():                    Sub profile with uuid D4304FD0-56A6-4594-B118-7D186DEE1038 added to profile BFC8A414-8F0F-4E0A-A9B3-2E80C486350B
15:42:30.171                     StreamDeck                        ESDProfile::AddSubProfile():                    Sub profile with uuid 3D6993A1-4105-49ED-B2AE-132A82A3C517 added to profile BFC8A414-8F0F-4E0A-A9B3-2E80C486350B
15:42:30.171                     StreamDeck                        ESDProfile::AddSubProfile():                    Sub profile with uuid D4A42D1C-501E-4AD7-9B5E-B1098C729C89 added to profile BFC8A414-8F0F-4E0A-A9B3-2E80C486350B
15:42:30.171                     StreamDeck                        ESDProfile::AddSubProfile():                    Sub profile with uuid BFC8A414-8F0F-4E0A-A9B3-2E80C486350B added to profile 6DCFB894-9183-41C3-81BE-1E42C1540465
15:42:30.172                     StreamDeck                        ESDProfile::AddSubProfile():                    Sub profile with uuid B8DDAAFD-C010-4634-B9ED-07797CC6E21E added to profile 16BA942F-68CD-4C28-A2D9-136BC447AD14
15:42:30.172                     StreamDeck                        ESDProfile::AddSubProfile():                    Sub profile with uuid 66A538CD-6F60-4043-B264-AE4C505CD50B added to profile 16BA942F-68CD-4C28-A2D9-136BC447AD14
15:42:30.172                     StreamDeck                        ESDProfile::AddSubProfile():                    Sub profile with uuid 988CAF47-7350-4CA2-A4F0-B79E56AA27D7 added to profile 16BA942F-68CD-4C28-A2D9-136BC447AD14
15:42:30.172                     StreamDeck                        ESDProfile::AddSubProfile():                    Sub profile with uuid 16BA942F-68CD-4C28-A2D9-136BC447AD14 added to profile 5BC4742C-9259-43D0-9BA8-554F583A3834
15:42:30.173                     StreamDeck                        ESDProfile::AddSubProfile():                    Sub profile with uuid C8E207F3-03DF-47B7-83C4-D51B55324471 added to profile AE9200CB-80E2-4D00-8D1D-2D0576B47745
15:42:30.173                     StreamDeck                        ESDProfile::AddSubProfile():                    Sub profile with uuid 06806815-67D6-4969-AF58-F11FFD3A3C3B added to profile AE9200CB-80E2-4D00-8D1D-2D0576B47745
15:42:30.173                     StreamDeck                        ESDProfile::AddSubProfile():                    Sub profile with uuid 06A12F83-0AB1-4656-BD98-DFBFCDDABB53 added to profile AE9200CB-80E2-4D00-8D1D-2D0576B47745
15:42:30.173                     StreamDeck                        ESDProfile::AddSubProfile():                    Sub profile with uuid AE9200CB-80E2-4D00-8D1D-2D0576B47745 added to profile 1F1A6DCF-1224-49CE-A53F-2EFCF152A654
15:42:30.175                     StreamDeck                        ESDProfile::AddSubProfile():                    Sub profile with uuid 38D6AF81-BF98-463A-8678-D547D59F8EFA added to profile 7B451484-8B53-4F64-8AD9-E0FAA6803767
15:42:30.175                     StreamDeck                        ESDProfile::AddSubProfile():                    Sub profile with uuid 3991F639-E124-400B-82E5-CDBE0F46E20D added to profile 7B451484-8B53-4F64-8AD9-E0FAA6803767
15:42:30.175                     StreamDeck                        ESDProfile::AddSubProfile():                    Sub profile with uuid 8B36EFB0-B306-4C0A-93AD-EFF03FE963D4 added to profile 7B451484-8B53-4F64-8AD9-E0FAA6803767
15:42:30.176                     StreamDeck                        ESDProfile::AddSubProfile():                    Sub profile with uuid 342F4C0E-18CA-4DD1-BFF0-DC8EC612E291 added to profile 636F87E8-2C7B-4B89-A2D2-8EF77A9841EE
15:42:30.176                     StreamDeck                        ESDProfile::AddSubProfile():                    Sub profile with uuid E4FE11A3-DA3D-4ADB-A3E4-64C2B99F4026 added to profile 636F87E8-2C7B-4B89-A2D2-8EF77A9841EE
15:42:30.176                     StreamDeck                        ESDProfile::AddSubProfile():                    Sub profile with uuid 7B451484-8B53-4F64-8AD9-E0FAA6803767 added to profile 636F87E8-2C7B-4B89-A2D2-8EF77A9841EE
15:42:30.176                     StreamDeck                        ESDProfile::AddSubProfile():                    Sub profile with uuid 66FB527E-00ED-4BAC-8F24-68E006ADF3D7 added to profile 636F87E8-2C7B-4B89-A2D2-8EF77A9841EE
15:42:30.176                     StreamDeck                        ESDProfile::AddSubProfile():                    Sub profile with uuid 01B02F83-1210-46D5-8CB3-B6913C0CFABC added to profile 636F87E8-2C7B-4B89-A2D2-8EF77A9841EE
15:42:30.177                     StreamDeck                        ESDProfile::AddSubProfile():                    Sub profile with uuid 03E6FE8D-205F-4F37-93A8-9E44820E0A40 added to profile FF47EC14-47E5-439E-ACEB-B02A27435784
15:42:30.177                     StreamDeck                        ESDProfile::AddSubProfile():                    Sub profile with uuid B8FE9FB9-48EE-4AFC-A936-F711CBA34554 added to profile FF47EC14-47E5-439E-ACEB-B02A27435784
15:42:30.177                     StreamDeck                        ESDProfile::AddSubProfile():                    Sub profile with uuid 27DC43A1-423F-4A1C-8174-3B33543D6568 added to profile FF47EC14-47E5-439E-ACEB-B02A27435784
15:42:30.177                     StreamDeck                        ESDProfile::AddSubProfile():                    Sub profile with uuid FF47EC14-47E5-439E-ACEB-B02A27435784 added to profile 194A2A57-EE8C-46D9-9998-B4D23C3AF136
15:42:30.178                     StreamDeck                        ESDProfile::AddSubProfile():                    Sub profile with uuid BC6B8AA6-6D11-4889-9177-08314DAE7E57 added to profile 154638E5-4FB7-4D71-8A2C-EABE9D11B16D
15:42:30.178                     StreamDeck                        ESDProfile::AddSubProfile():                    Sub profile with uuid C1EB1BBD-2708-4C64-9838-09D229AE7D35 added to profile 154638E5-4FB7-4D71-8A2C-EABE9D11B16D
15:42:30.178                     StreamDeck                        ESDProfile::AddSubProfile():                    Sub profile with uuid 32DE5E82-8294-40C3-A8B2-E116EB09C714 added to profile 154638E5-4FB7-4D71-8A2C-EABE9D11B16D
15:42:30.178                     StreamDeck                        ESDProfile::AddSubProfile():                    Sub profile with uuid 154638E5-4FB7-4D71-8A2C-EABE9D11B16D added to profile B8828791-212F-45D2-97F8-E9E8FE65F4F2
15:42:30.181                     StreamDeck                        ESDProfile::AddSubProfile():                    Sub profile with uuid 0E0C7626-0417-4290-9FBD-33D0B898EF4A added to profile 8F7809F3-2972-42E5-8D07-ED3982FF89D4
15:42:30.181                     StreamDeck                        ESDProfile::AddSubProfile():                    Sub profile with uuid 79F78DBF-3D72-4687-96ED-CB590FFDC34E added to profile 8F7809F3-2972-42E5-8D07-ED3982FF89D4
15:42:30.181                     StreamDeck                        ESDProfile::AddSubProfile():                    Sub profile with uuid C5FED054-FA9E-4C56-B054-DC7336EBAFE4 added to profile 8F7809F3-2972-42E5-8D07-ED3982FF89D4
15:42:30.181                     StreamDeck                        ESDProfile::AddSubProfile():                    Sub profile with uuid 51FAB920-95F3-4509-BDA6-C442B988E62A added to profile 8F7809F3-2972-42E5-8D07-ED3982FF89D4
15:42:30.181                     StreamDeck                        ESDProfile::AddSubProfile():                    Sub profile with uuid 8D9EB444-8DC2-4D7C-B226-AF0EBB5807AC added to profile 8F7809F3-2972-42E5-8D07-ED3982FF89D4
15:42:30.182                     StreamDeck                        ESDProfile::AddSubProfile():                    Sub profile with uuid 7C143D83-271F-4DA0-B64E-30FE3ED447CD added to profile 57F9A3A9-CAC9-4062-B8EE-90B676C6FD56
15:42:30.182                     StreamDeck                        ESDProfile::AddSubProfile():                    Sub profile with uuid F823CEAE-4AE0-4CF1-BC73-CF10C8472A9A added to profile 57F9A3A9-CAC9-4062-B8EE-90B676C6FD56
15:42:30.182                     StreamDeck                        ESDProfile::AddSubProfile():                    Sub profile with uuid 8F7809F3-2972-42E5-8D07-ED3982FF89D4 added to profile 57F9A3A9-CAC9-4062-B8EE-90B676C6FD56
15:42:30.182                     StreamDeck                        ESDProfile::AddSubProfile():                    Sub profile with uuid D7F2B8BD-5224-46D5-A6C5-AA6E1298E8F5 added to profile 57F9A3A9-CAC9-4062-B8EE-90B676C6FD56
15:42:30.182                     StreamDeck                        ESDProfile::AddSubProfile():                    Sub profile with uuid 6EA718D0-D4C1-47A2-BCE7-CE566C77775E added to profile 57F9A3A9-CAC9-4062-B8EE-90B676C6FD56
15:42:30.183                     StreamDeck                        ESDProfile::AddSubProfile():                    Sub profile with uuid 1110325F-7F71-4078-8B14-EB04264F57DD added to profile B0679BB7-781B-4B4B-AE82-EE56508F9360
15:42:30.183                     StreamDeck                        ESDProfile::AddSubProfile():                    Sub profile with uuid 79E1ABFB-884F-4516-9E28-61155E9CC2F7 added to profile B0679BB7-781B-4B4B-AE82-EE56508F9360
15:42:30.183                     StreamDeck                        ESDProfile::AddSubProfile():                    Sub profile with uuid AF4AB094-3715-4730-91F3-22F6D5B951FE added to profile B0679BB7-781B-4B4B-AE82-EE56508F9360
15:42:30.183                     StreamDeck                        ESDProfile::AddSubProfile():                    Sub profile with uuid B0679BB7-781B-4B4B-AE82-EE56508F9360 added to profile F77A22F3-CA02-4D49-97D9-5A6BC9B6D150
15:42:30.184                     StreamDeck                        ESDProfile::AddSubProfile():                    Sub profile with uuid CB90D889-F69A-48B7-A4A1-5C59ABFC52D5 added to profile 8755A886-8158-4955-81C2-506C2905F565
15:42:30.184                     StreamDeck                        ESDProfile::AddSubProfile():                    Sub profile with uuid BAA09EC4-B3A0-4096-B273-2BB22CA6E80D added to profile 8755A886-8158-4955-81C2-506C2905F565
15:42:30.184                     StreamDeck                        ESDProfile::AddSubProfile():                    Sub profile with uuid 6A29071C-9B3B-4A11-9B58-47FEA228CD27 added to profile 8755A886-8158-4955-81C2-506C2905F565
15:42:30.184                     StreamDeck                        ESDProfile::AddSubProfile():                    Sub profile with uuid 8755A886-8158-4955-81C2-506C2905F565 added to profile 8E4ED247-1D1A-4137-AF0B-275A0F566098
15:42:30.185                     StreamDeck                        ESDProfile::AddSubProfile():                    Sub profile with uuid CBD4FE99-18E1-4578-AB27-E673A3396AE9 added to profile 684C7EC6-D92B-4DCC-A731-E800A24E8EC1
15:42:30.185                     StreamDeck                        ESDProfile::AddSubProfile():                    Sub profile with uuid D09BEDDD-FA2E-48F4-BE44-8AEA76E7A018 added to profile 684C7EC6-D92B-4DCC-A731-E800A24E8EC1
15:42:30.185                     StreamDeck                        ESDProfile::AddSubProfile():                    Sub profile with uuid CE9674B0-4258-4D89-B5CE-6EFAD626E4DA added to profile 684C7EC6-D92B-4DCC-A731-E800A24E8EC1
15:42:30.185                     StreamDeck                        ESDProfile::AddSubProfile():                    Sub profile with uuid 6DCFB894-9183-41C3-81BE-1E42C1540465 added to profile 684C7EC6-D92B-4DCC-A731-E800A24E8EC1
15:42:30.185                     StreamDeck                        ESDProfile::AddSubProfile():                    Sub profile with uuid 5BC4742C-9259-43D0-9BA8-554F583A3834 added to profile 684C7EC6-D92B-4DCC-A731-E800A24E8EC1
15:42:30.185                     StreamDeck                        ESDProfile::AddSubProfile():                    Sub profile with uuid 1F1A6DCF-1224-49CE-A53F-2EFCF152A654 added to profile 684C7EC6-D92B-4DCC-A731-E800A24E8EC1
15:42:30.185                     StreamDeck                        ESDProfile::AddSubProfile():                    Sub profile with uuid 636F87E8-2C7B-4B89-A2D2-8EF77A9841EE added to profile 684C7EC6-D92B-4DCC-A731-E800A24E8EC1
15:42:30.185                     StreamDeck                        ESDProfile::AddSubProfile():                    Sub profile with uuid 194A2A57-EE8C-46D9-9998-B4D23C3AF136 added to profile 684C7EC6-D92B-4DCC-A731-E800A24E8EC1
15:42:30.185                     StreamDeck                        ESDProfile::AddSubProfile():                    Sub profile with uuid B8828791-212F-45D2-97F8-E9E8FE65F4F2 added to profile 684C7EC6-D92B-4DCC-A731-E800A24E8EC1
15:42:30.185                     StreamDeck                        ESDProfile::AddSubProfile():                    Sub profile with uuid 57F9A3A9-CAC9-4062-B8EE-90B676C6FD56 added to profile 684C7EC6-D92B-4DCC-A731-E800A24E8EC1
15:42:30.185                     StreamDeck                        ESDProfile::AddSubProfile():                    Sub profile with uuid F77A22F3-CA02-4D49-97D9-5A6BC9B6D150 added to profile 684C7EC6-D92B-4DCC-A731-E800A24E8EC1
15:42:30.185                     StreamDeck                        ESDProfile::AddSubProfile():                    Sub profile with uuid 8E4ED247-1D1A-4137-AF0B-275A0F566098 added to profile 684C7EC6-D92B-4DCC-A731-E800A24E8EC1
15:42:30.185                     StreamDeck                        ESDProfile::AddSubProfile():                    Sub profile with uuid FCD344A8-E247-41FD-B115-64EEFBCEBB89 added to profile 684C7EC6-D92B-4DCC-A731-E800A24E8EC1
15:42:30.185                     StreamDeck                        ESDProfile::AddSubProfile():                    Sub profile with uuid 296C3531-BBCB-48A3-8DB0-9DB1C49D5076 added to profile C16460B9-2E96-49D3-9382-37F81AE0603F
15:42:30.185                     StreamDeck                        ESDProfile::AddSubProfile():                    Sub profile with uuid 684C7EC6-D92B-4DCC-A731-E800A24E8EC1 added to profile C16460B9-2E96-49D3-9382-37F81AE0603F
15:42:30.186                     StreamDeck                        ESDProfile::AddSubProfile():                    Sub profile with uuid A7AE2890-D14D-4D1C-97A4-93CADE5DF9D0 added to profile E03E3D19-1330-4FC6-967C-F8DDE7EB3352
15:42:30.186                     StreamDeck                        ESDProfile::AddSubProfile():                    Sub profile with uuid C16460B9-2E96-49D3-9382-37F81AE0603F added to profile E03E3D19-1330-4FC6-967C-F8DDE7EB3352
15:42:30.186                     StreamDeck                        ESDProfile::AddSubProfile():                    Sub profile with uuid A8B45AA4-49C3-45C4-BEF8-0D8D908399B5 added to profile E03E3D19-1330-4FC6-967C-F8DDE7EB3352
15:42:30.186                     StreamDeck                        ESDProfile::AddSubProfile():                    Sub profile with uuid 9563DB38-D3B6-4AC1-9AA6-59305FCB459C added to profile E03E3D19-1330-4FC6-967C-F8DDE7EB3352
15:42:30.186                     StreamDeck                        ESDProfileManager::LoadProfileAtPath():         Loading profile at path C:\Users\alexi\AppData\Roaming\Elgato\StreamDeck\ProfilesV2\E44F2133-0F73-4F44-B925-9410ED82335F.sdProfile
15:42:30.191                     StreamDeck                        ESDPreferenceTabGeneral::DeviceStateChangedNotification(): Dev FW ver: 1.3.0.0, Embed FW ver: 1.3.0.0
15:42:30.191                     StreamDeck                        ESDPreferenceTabGeneral::DeviceStateChangedNotification(): show update fw button: no
15:42:30.191                     StreamDeck                        ESDPreferenceTabGeneral::DeviceStateChangedNotification(): Serial No: AL51K2C54549
15:42:31.235                     StreamDeck                        ESDCustomPluginCommunication::onMessageReceived(): Plugin D291563DC00C870E81C4606FF9B1A898 is now connected
15:42:31.238                     StreamDeck                        ESDCustomPluginCommunication::onMessageReceived(): Plugin 899A6A035926CADAE351FE61196C7245 is now connected
15:42:31.238                     StreamDeck                        ESDCustomPluginCommunication::onMessageReceived(): Plugin FBD05AA901555C57390C5A854A67A148 is now connected
15:42:31.238                     StreamDeck                        ESDCustomPluginCommunication::onMessageReceived(): Plugin 3402328D0412559721D5B14F8EFF74E0 is now connected
15:42:32.166                     StreamDeck                        ESDCustomPluginCommunication::onMessageReceived(): Plugin 027B334285FB7F3B5ED5D587C983BDBC is now connected
15:42:32.167                     StreamDeck                        ESDCustomPluginCommunication::onMessageReceived(): Plugin 3D24517EDD21EE40DF7898DB76715136 is now connected
15:42:32.211                     StreamDeck                        ESDCustomPluginCommunication::onMessageReceived(): Plugin 5F914A2C70E5ABE86ABC2C588AC4EAA2 is now connected
15:42:32.267                     StreamDeck                        ESDCustomPluginCommunication::onMessageReceived(): Plugin 3FBE58AF64DB2BAFC108905D39A33C58 is now connected
15:42:32.282                     StreamDeck                        ESDCustomPluginCommunication::onMessageReceived(): Plugin 614F1F469006F13A19A19F3EDCD8E2D7 is now connected
15:42:34.587                     StreamDeck                        EGQTSWUpdateDialog::checkForUpdate():           Check for update 2: https://gc-updates.elgato.com/windows/sd-update/final/app-version-check.json
15:42:34.587                     StreamDeck                        EGQTSWUpdateDownloader::startDownload():        Download task name: Update File, file URL: https://gc-updates.elgato.com/windows/sd-update/final/app-version-check.json
15:42:34.975                     StreamDeck                        EGQTSWUpdateDialog::shouldUpdate():             current SW Ver: 5.3.3.15214, remote SW Ver: 5.3.3.15214
15:42:34.975                     StreamDeck                        EGQTSWUpdateDialog::handleUpdateFileDownloaded(): No update available
15:42:35.076                     StreamDeck                        ESDAppStoreManager::UpdateAppStorePlugins():    Check for Plugin Store updates
15:42:35.076                     StreamDeck                        ESDAppStoreManager::UpdateAppStoreIconPacks():  Check for icon pack Store updates
15:42:41.685                     StreamDeck                        ESDActionsGridViewModel::onKeyPressed():        Key 0 pressed: com.axytradingtools.tile
15:42:41.870                     StreamDeck                        ESDActionsGridViewModel::onKeyReleased():       Key 0 released: com.axytradingtools.tile
15:43:07.954                     StreamDeck                        ESDActionsGridViewModel::onKeyPressed():        Key 0 pressed: com.axytradingtools.tile
15:43:08.013                     StreamDeck                        ESDActionsGridViewModel::onKeyReleased():       Key 0 released: com.axytradingtools.tile
15:43:08.495                     StreamDeck                        ESDActionsGridViewModel::onKeyPressed():        Key 5 pressed: com.axytradingtools.tile
15:43:08.557                     StreamDeck                        ESDActionsGridViewModel::onKeyReleased():       Key 5 released: com.axytradingtools.tile
15:43:08.991                     StreamDeck                        ESDActionsGridViewModel::onKeyPressed():        Key 10 pressed: com.axytradingtools.tile
15:43:09.048                     StreamDeck                        ESDActionsGridViewModel::onKeyReleased():       Key 10 released: com.axytradingtools.tile
15:43:09.161                     StreamDeck                        ESDActionsGridViewModel::onKeyPressed():        Key 10 pressed: com.axytradingtools.tile
15:43:09.219                     StreamDeck                        ESDActionsGridViewModel::onKeyReleased():       Key 10 released: com.axytradingtools.tile
15:43:09.331                     StreamDeck                        ESDActionsGridViewModel::onKeyPressed():        Key 10 pressed: com.axytradingtools.tile
15:43:09.388                     StreamDeck                        ESDActionsGridViewModel::onKeyReleased():       Key 10 released: com.axytradingtools.tile
15:43:09.439                     StreamDeck                        ESDActionsGridViewModel::onKeyPressed():        Key 10 pressed: com.axytradingtools.tile
15:43:09.496                     StreamDeck                        ESDActionsGridViewModel::onKeyReleased():       Key 10 released: com.axytradingtools.tile
15:43:09.919                     StreamDeck                        ESDActionsGridViewModel::onKeyPressed():        Key 10 pressed: com.axytradingtools.tile
15:43:09.981                     StreamDeck                        ESDActionsGridViewModel::onKeyReleased():       Key 10 released: com.axytradingtools.tile
15:43:10.105                     StreamDeck                        ESDActionsGridViewModel::onKeyPressed():        Key 10 pressed: com.axytradingtools.tile
15:43:10.167                     StreamDeck                        ESDActionsGridViewModel::onKeyReleased():       Key 10 released: com.axytradingtools.tile
15:43:10.229                     StreamDeck                        ESDActionsGridViewModel::onKeyPressed():        Key 10 pressed: com.axytradingtools.tile
15:43:10.290                     StreamDeck                        ESDActionsGridViewModel::onKeyReleased():       Key 10 released: com.axytradingtools.tile
15:43:13.012                     StreamDeck                        ESDActionsGridViewModel::onKeyPressed():        Key 10 pressed: com.axytradingtools.tile
15:43:13.182                     StreamDeck                        ESDActionsGridViewModel::onKeyReleased():       Key 10 released: com.axytradingtools.tile
15:43:14.172                     StreamDeck                        ESDActionsGridViewModel::onKeyPressed():        Key 10 pressed: com.axytradingtools.tile
15:43:14.403                     StreamDeck                        ESDActionsGridViewModel::onKeyReleased():       Key 10 released: com.axytradingtools.tile
15:43:14.573                     StreamDeck                        ESDActionsGridViewModel::onKeyPressed():        Key 10 pressed: com.axytradingtools.tile
15:43:14.743                     StreamDeck                        ESDActionsGridViewModel::onKeyReleased():       Key 10 released: com.axytradingtools.tile
15:43:14.992                     StreamDeck                        ESDActionsGridViewModel::onKeyPressed():        Key 10 pressed: com.axytradingtools.tile
15:43:15.162                     StreamDeck                        ESDActionsGridViewModel::onKeyReleased():       Key 10 released: com.axytradingtools.tile
15:43:15.472                     StreamDeck                        ESDActionsGridViewModel::onKeyPressed():        Key 10 pressed: com.axytradingtools.tile
15:43:15.657                     StreamDeck                        ESDActionsGridViewModel::onKeyReleased():       Key 10 released: com.axytradingtools.tile
15:43:15.906                     StreamDeck                        ESDActionsGridViewModel::onKeyPressed():        Key 10 pressed: com.axytradingtools.tile
15:43:16.068                     StreamDeck                        ESDActionsGridViewModel::onKeyReleased():       Key 10 released: com.axytradingtools.tile
15:43:16.309                     StreamDeck                        ESDActionsGridViewModel::onKeyPressed():        Key 10 pressed: com.axytradingtools.tile
15:43:16.556                     StreamDeck                        ESDActionsGridViewModel::onKeyReleased():       Key 10 released: com.axytradingtools.tile
15:43:16.928                     StreamDeck                        ESDActionsGridViewModel::onKeyPressed():        Key 10 pressed: com.axytradingtools.tile
15:43:16.986                     StreamDeck                        ESDActionsGridViewModel::onKeyReleased():       Key 10 released: com.axytradingtools.tile
15:43:17.655                     StreamDeck                        ESDActionsGridViewModel::onKeyPressed():        Key 10 pressed: com.axytradingtools.tile
15:43:17.764                     StreamDeck                        ESDActionsGridViewModel::onKeyReleased():       Key 10 released: com.axytradingtools.tile
15:43:18.010                     StreamDeck                        ESDActionsGridViewModel::onKeyPressed():        Key 10 pressed: com.axytradingtools.tile
15:43:18.181                     StreamDeck                        ESDActionsGridViewModel::onKeyReleased():       Key 10 released: com.axytradingtools.tile
15:43:19.418                     StreamDeck                        ESDActionsGridViewModel::onKeyPressed():        Key 5 pressed: com.axytradingtools.tile
15:43:19.525                     StreamDeck                        ESDActionsGridViewModel::onKeyReleased():       Key 5 released: com.axytradingtools.tile
15:43:19.834                     StreamDeck                        ESDActionsGridViewModel::onKeyPressed():        Key 5 pressed: com.axytradingtools.tile
15:43:19.892                     StreamDeck                        ESDActionsGridViewModel::onKeyReleased():       Key 5 released: com.axytradingtools.tile
15:43:20.251                     StreamDeck                        ESDActionsGridViewModel::onKeyPressed():        Key 5 pressed: com.axytradingtools.tile
15:43:20.308                     StreamDeck                        ESDActionsGridViewModel::onKeyReleased():       Key 5 released: com.axytradingtools.tile
15:43:20.732                     StreamDeck                        ESDActionsGridViewModel::onKeyPressed():        Key 0 pressed: com.axytradingtools.tile
15:43:20.790                     StreamDeck                        ESDActionsGridViewModel::onKeyReleased():       Key 0 released: com.axytradingtools.tile
15:43:21.578                     StreamDeck                        ESDActionsGridViewModel::onKeyPressed():        Key 5 pressed: com.axytradingtools.tile
15:43:21.752                     StreamDeck                        ESDActionsGridViewModel::onKeyReleased():       Key 5 released: com.axytradingtools.tile
15:43:22.062                     StreamDeck                        ESDActionsGridViewModel::onKeyPressed():        Key 0 pressed: com.axytradingtools.tile
15:43:22.171                     StreamDeck                        ESDActionsGridViewModel::onKeyReleased():       Key 0 released: com.axytradingtools.tile
15:43:22.480                     StreamDeck                        ESDActionsGridViewModel::onKeyPressed():        Key 0 pressed: com.axytradingtools.tile
15:43:22.604                     StreamDeck                        ESDActionsGridViewModel::onKeyReleased():       Key 0 released: com.axytradingtools.tile
15:43:22.976                     StreamDeck                        ESDActionsGridViewModel::onKeyPressed():        Key 5 pressed: com.axytradingtools.tile
15:43:23.033                     StreamDeck                        ESDActionsGridViewModel::onKeyReleased():       Key 5 released: com.axytradingtools.tile
15:43:23.395                     StreamDeck                        ESDActionsGridViewModel::onKeyPressed():        Key 5 pressed: com.axytradingtools.tile
15:43:23.519                     StreamDeck                        ESDActionsGridViewModel::onKeyReleased():       Key 5 released: com.axytradingtools.tile
15:43:26.123                     StreamDeck                        ESDActionsGridViewModel::onKeyPressed():        Key 10 pressed: com.axytradingtools.tile
15:43:26.185                     StreamDeck                        ESDActionsGridViewModel::onKeyReleased():       Key 10 released: com.axytradingtools.tile
15:43:26.487                     StreamDeck                        ESDActionsGridViewModel::onKeyPressed():        Key 10 pressed: com.axytradingtools.tile
15:43:26.604                     StreamDeck                        ESDActionsGridViewModel::onKeyReleased():       Key 10 released: com.axytradingtools.tile
15:43:26.913                     StreamDeck                        ESDActionsGridViewModel::onKeyPressed():        Key 10 pressed: com.axytradingtools.tile
15:43:27.022                     StreamDeck                        ESDActionsGridViewModel::onKeyReleased():       Key 10 released: com.axytradingtools.tile
15:43:29.995                     StreamDeck                        ESDActionsGridViewModel::onKeyPressed():        Key 12 pressed: com.axytradingtools.tile
15:43:30.053                     StreamDeck                        ESDActionsGridViewModel::onKeyReleased():       Key 12 released: com.axytradingtools.tile
15:43:30.351                     StreamDeck                        ESDActionsGridViewModel::onKeyPressed():        Key 12 pressed: com.axytradingtools.tile
15:43:30.460                     StreamDeck                        ESDActionsGridViewModel::onKeyReleased():       Key 12 released: com.axytradingtools.tile
15:43:30.947                     StreamDeck                        ESDActionsGridViewModel::onKeyPressed():        Key 13 pressed: com.axytradingtools.tile
15:43:31.125                     StreamDeck                        ESDActionsGridViewModel::onKeyReleased():       Key 13 released: com.axytradingtools.tile
15:43:31.367                     StreamDeck                        ESDActionsGridViewModel::onKeyPressed():        Key 13 pressed: com.axytradingtools.tile
15:43:31.542                     StreamDeck                        ESDActionsGridViewModel::onKeyReleased():       Key 13 released: com.axytradingtools.tile
15:43:31.787                     StreamDeck                        ESDActionsGridViewModel::onKeyPressed():        Key 13 pressed: com.axytradingtools.tile
15:43:31.960                     StreamDeck                        ESDActionsGridViewModel::onKeyReleased():       Key 13 released: com.axytradingtools.tile
15:43:32.637                     StreamDeck                        ESDActionsGridViewModel::onKeyPressed():        Key 13 pressed: com.axytradingtools.tile
15:43:32.750                     StreamDeck                        ESDActionsGridViewModel::onKeyReleased():       Key 13 released: com.axytradingtools.tile
15:43:33.060                     StreamDeck                        ESDActionsGridViewModel::onKeyPressed():        Key 13 pressed: com.axytradingtools.tile
15:43:33.169                     StreamDeck                        ESDActionsGridViewModel::onKeyReleased():       Key 13 released: com.axytradingtools.tile
15:43:33.478                     StreamDeck                        ESDActionsGridViewModel::onKeyPressed():        Key 13 pressed: com.axytradingtools.tile
15:43:33.587                     StreamDeck                        ESDActionsGridViewModel::onKeyReleased():       Key 13 released: com.axytradingtools.tile
15:43:34.514                     StreamDeck                        ESDActionsGridViewModel::onKeyPressed():        Key 10 pressed: com.axytradingtools.tile
15:43:34.572                     StreamDeck                        ESDActionsGridViewModel::onKeyReleased():       Key 10 released: com.axytradingtools.tile
15:43:35.297                     StreamDeck                        ESDActionsGridViewModel::onKeyPressed():        Key 11 pressed: com.axytradingtools.tile
15:43:35.349                     StreamDeck                        ESDActionsGridViewModel::onKeyReleased():       Key 11 released: com.axytradingtools.tile
15:43:35.721                     StreamDeck                        ESDActionsGridViewModel::onKeyPressed():        Key 11 pressed: com.axytradingtools.tile
15:43:35.828                     StreamDeck                        ESDActionsGridViewModel::onKeyReleased():       Key 11 released: com.axytradingtools.tile
15:43:36.007                     StreamDeck                        ESDActionsGridViewModel::onKeyPressed():        Key 11 pressed: com.axytradingtools.tile
15:43:36.124                     StreamDeck                        ESDActionsGridViewModel::onKeyReleased():       Key 11 released: com.axytradingtools.tile
15:43:36.547                     StreamDeck                        ESDActionsGridViewModel::onKeyPressed():        Key 13 pressed: com.axytradingtools.tile
15:43:36.712                     StreamDeck                        ESDActionsGridViewModel::onKeyReleased():       Key 13 released: com.axytradingtools.tile
15:43:36.958                     StreamDeck                        ESDActionsGridViewModel::onKeyPressed():        Key 13 pressed: com.axytradingtools.tile
15:43:37.083                     StreamDeck                        ESDActionsGridViewModel::onKeyReleased():       Key 13 released: com.axytradingtools.tile
15:43:37.268                     StreamDeck                        ESDActionsGridViewModel::onKeyPressed():        Key 13 pressed: com.axytradingtools.tile
15:43:37.439                     StreamDeck                        ESDActionsGridViewModel::onKeyReleased():       Key 13 released: com.axytradingtools.tile
15:43:37.617                     StreamDeck                        ESDActionsGridViewModel::onKeyPressed():        Key 14 pressed: com.axytradingtools.tile
15:43:37.727                     StreamDeck                        ESDActionsGridViewModel::onKeyReleased():       Key 14 released: com.axytradingtools.tile
15:43:38.275                     StreamDeck                        ESDActionsGridViewModel::onKeyPressed():        Key 10 pressed: com.axytradingtools.tile
15:43:38.568                     StreamDeck                        ESDActionsGridViewModel::onKeyReleased():       Key 10 released: com.axytradingtools.tile
15:43:38.817                     StreamDeck                        ESDActionsGridViewModel::onKeyPressed():        Key 12 pressed: com.axytradingtools.tile
15:43:39.048                     StreamDeck                        ESDActionsGridViewModel::onKeyReleased():       Key 12 released: com.axytradingtools.tile
15:43:39.481                     StreamDeck                        ESDActionsGridViewModel::onKeyPressed():        Key 12 pressed: com.axytradingtools.tile
15:43:39.667                     StreamDeck                        ESDActionsGridViewModel::onKeyReleased():       Key 12 released: com.axytradingtools.tile
15:43:40.037                     StreamDeck                        ESDActionsGridViewModel::onKeyPressed():        Key 0 pressed: com.axytradingtools.tile
15:43:40.145                     StreamDeck                        ESDActionsGridViewModel::onKeyReleased():       Key 0 released: com.axytradingtools.tile
15:43:40.393                     StreamDeck                        ESDActionsGridViewModel::onKeyPressed():        Key 1 pressed: com.axytradingtools.tile
15:43:40.501                     StreamDeck                        ESDActionsGridViewModel::onKeyReleased():       Key 1 released: com.axytradingtools.tile
15:44:04.696                     StreamDeck                        ESDActionsGridViewModel::onKeyPressed():        Key 7 pressed: com.axytradingtools.tile
15:44:04.805                     StreamDeck                        ESDActionsGridViewModel::onKeyReleased():       Key 7 released: com.axytradingtools.tile
15:44:05.176                     StreamDeck                        ESDActionsGridViewModel::onKeyPressed():        Key 2 pressed: com.axytradingtools.tile
15:44:05.238                     StreamDeck                        ESDActionsGridViewModel::onKeyReleased():       Key 2 released: com.axytradingtools.tile
15:44:05.424                     StreamDeck                        ESDActionsGridViewModel::onKeyPressed():        Key 0 pressed: com.axytradingtools.tile
15:44:05.533                     StreamDeck                        ESDActionsGridViewModel::onKeyReleased():       Key 0 released: com.axytradingtools.tile
15:44:07.835                     StreamDeck                        MainWindow::event():                            Wake up keypad(s).
15:44:12.170                     StreamDeck                        ESDActionsGridViewModel::onKeyPressed():        Key 8 pressed: com.axytradingtools.tile
15:44:12.278                     StreamDeck                        ESDActionsGridViewModel::onKeyReleased():       Key 8 released: com.axytradingtools.tile
15:44:14.986                     StreamDeck                        ESDActionsGridViewModel::onKeyPressed():        Key 2 pressed: com.elgato.streamdeck.profile.openchild
15:44:15.048                     StreamDeck                        ESDActionsGridViewModel::onKeyReleased():       Key 2 released: unknown
15:44:15.645                     StreamDeck                        ESDActionsGridViewModel::onKeyPressed():        Key 8 pressed: com.elgato.streamdeck.profile.openchild
15:44:15.698                     StreamDeck                        ESDActionsGridViewModel::onKeyReleased():       Key 8 released: com.elgato.streamdeck.profile.openchild
15:44:16.129                     StreamDeck                        ESDActionsGridViewModel::onKeyPressed():        Key 8 pressed: com.elgato.streamdeck.profile.openchild
15:44:16.192                     StreamDeck                        ESDActionsGridViewModel::onKeyReleased():       Key 8 released: com.elgato.streamdeck.profile.openchild
15:44:16.564                     StreamDeck                        ESDActionsGridViewModel::onKeyPressed():        Key 7 pressed: com.elgato.streamdeck.profile.openchild
15:44:16.625                     StreamDeck                        ESDActionsGridViewModel::onKeyReleased():       Key 7 released: com.elgato.streamdeck.profile.openchild
15:44:17.799                     StreamDeck                        ESDActionsGridViewModel::onKeyPressed():        Key 6 pressed: com.elgato.streamdeck.profile.openchild
15:44:17.853                     StreamDeck                        ESDActionsGridViewModel::onKeyReleased():       Key 6 released: com.axytradingtools.symbol
15:44:18.587                     StreamDeck                        ESDActionsGridViewModel::onKeyPressed():        Key 7 pressed: com.axytradingtools.symbol
15:44:18.648                     StreamDeck                        ESDActionsGridViewModel::onKeyReleased():       Key 7 released: com.axytradingtools.symbol
15:44:18.955                     StreamDeck                        ESDActionsGridViewModel::onKeyPressed():        Key 14 pressed: com.elgato.streamdeck.profile.backtoparent
15:44:19.020                     StreamDeck                        ESDActionsGridViewModel::onKeyReleased():       Key 14 released: com.elgato.streamdeck.profile.backtoparent
15:44:21.305                     StreamDeck                        ESDActionsGridViewModel::onKeyPressed():        Key 8 pressed: com.elgato.streamdeck.profile.openchild
15:44:21.418                     StreamDeck                        ESDActionsGridViewModel::onKeyReleased():       Key 8 released: unknown
15:44:21.725                     StreamDeck                        ESDActionsGridViewModel::onKeyPressed():        Key 0 pressed: com.elgato.streamdeck.profile.backtoparent
15:44:21.790                     StreamDeck                        ESDActionsGridViewModel::onKeyReleased():       Key 0 released: com.elgato.streamdeck.profile.backtoparent
15:44:22.161                     StreamDeck                        ESDActionsGridViewModel::onKeyPressed():        Key 13 pressed: com.elgato.streamdeck.profile.openchild
15:44:22.224                     StreamDeck                        ESDActionsGridViewModel::onKeyReleased():       Key 13 released: unknown
15:44:22.531                     StreamDeck                        ESDActionsGridViewModel::onKeyPressed():        Key 0 pressed: com.elgato.streamdeck.profile.backtoparent
15:44:22.593                     StreamDeck                        ESDActionsGridViewModel::onKeyReleased():       Key 0 released: com.elgato.streamdeck.profile.backtoparent
15:44:22.965                     StreamDeck                        ESDActionsGridViewModel::onKeyPressed():        Key 7 pressed: com.elgato.streamdeck.profile.openchild
15:44:23.027                     StreamDeck                        ESDActionsGridViewModel::onKeyReleased():       Key 7 released: unknown
15:44:23.274                     StreamDeck                        ESDActionsGridViewModel::onKeyPressed():        Key 0 pressed: com.elgato.streamdeck.profile.backtoparent
15:44:23.336                     StreamDeck                        ESDActionsGridViewModel::onKeyReleased():       Key 0 released: com.elgato.streamdeck.profile.backtoparent
15:44:24.325                     StreamDeck                        ESDActionsGridViewModel::onKeyPressed():        Key 11 pressed: com.elgato.streamdeck.profile.openchild
15:44:24.388                     StreamDeck                        ESDActionsGridViewModel::onKeyReleased():       Key 11 released: unknown
15:44:24.760                     StreamDeck                        ESDActionsGridViewModel::onKeyPressed():        Key 0 pressed: com.elgato.streamdeck.profile.backtoparent
15:44:24.821                     StreamDeck                        ESDActionsGridViewModel::onKeyReleased():       Key 0 released: com.elgato.streamdeck.profile.backtoparent
15:44:25.131                     StreamDeck                        ESDActionsGridViewModel::onKeyPressed():        Key 6 pressed: com.elgato.streamdeck.profile.openchild
15:44:25.239                     StreamDeck                        ESDActionsGridViewModel::onKeyReleased():       Key 6 released: com.axytradingtools.symbol
15:44:25.609                     StreamDeck                        ESDActionsGridViewModel::onKeyPressed():        Key 0 pressed: com.elgato.streamdeck.profile.backtoparent
15:44:25.671                     StreamDeck                        ESDActionsGridViewModel::onKeyReleased():       Key 0 released: com.elgato.streamdeck.profile.backtoparent
15:44:27.034                     StreamDeck                        ESDActionsGridViewModel::onKeyPressed():        Key 12 pressed: com.elgato.streamdeck.profile.rotate
15:44:27.099                     StreamDeck                        ESDActionsGridViewModel::onKeyReleased():       Key 12 released: com.axytradingtools.lot
15:44:54.293                     StreamDeck                        ESDActionsGridViewModel::onKeyPressed():        Key 9 pressed: com.elgato.streamdeck.profile.openchild
15:44:54.346                     StreamDeck                        ESDActionsGridViewModel::onKeyReleased():       Key 9 released: unknown
15:44:55.514                     StreamDeck                        ESDActionsGridViewModel::onKeyPressed():        Key 14 pressed: com.elgato.streamdeck.profile.rotate
15:44:55.575                     StreamDeck                        ESDActionsGridViewModel::onKeyReleased():       Key 14 released: unknown
15:45:13.808                     StreamDeck                        MainWindow::event():                            Wake up keypad(s).
15:45:15.592                     StreamDeck                        ESDActionsGridViewModel::onKeyPressed():        Key 0 pressed: com.elgato.streamdeck.profile.rotate
15:45:15.714                     StreamDeck                        ESDActionsGridViewModel::onKeyReleased():       Key 0 released: com.axytradingtools.symbol
